Flow report for Mux_demux
Wed Nov 29 17:16:23 2023
Quartus Prime Version 20.1.1 Build 720 11/11/2020 SJ Lite Edition


---------------------
; Table of Contents ;
---------------------
  1. Legal Notice
  2. Flow Summary
  3. Flow Settings
  4. Flow Non-Default Global Settings
  5. Flow Elapsed Time
  6. Flow OS Summary
  7. Flow Log
  8. Flow Messages
  9. Flow Suppressed Messages



----------------
; Legal Notice ;
----------------
Copyright (C) 2020  Intel Corporation. All rights reserved.
Your use of Intel Corporation's design tools, logic functions 
and other software and tools, and any partner logic 
functions, and any output files from any of the foregoing 
(including device programming or simulation files), and any 
associated documentation or information are expressly subject 
to the terms and conditions of the Intel Program License 
Subscription Agreement, the Intel Quartus Prime License Agreement,
the Intel FPGA IP License Agreement, or other applicable license
agreement, including, without limitation, that your use is for
the sole purpose of programming logic devices manufactured by
Intel and sold by Intel or its authorized distributors.  Please
refer to the applicable agreement for further details, at
https://fpgasoftware.intel.com/eula.



+----------------------------------------------------------------------------------+
; Flow Summary                                                                     ;
+------------------------------------+---------------------------------------------+
; Flow Status                        ; Successful - Wed Nov 29 17:16:23 2023       ;
; Quartus Prime Version              ; 20.1.1 Build 720 11/11/2020 SJ Lite Edition ;
; Revision Name                      ; Mux_demux                                   ;
; Top-level Entity Name              ; Comparador_1bit                             ;
; Family                             ; Cyclone IV E                                ;
; Total logic elements               ; 2                                           ;
;     Total combinational functions  ; 2                                           ;
;     Dedicated logic registers      ; 0                                           ;
; Total registers                    ; 0                                           ;
; Total pins                         ; 4                                           ;
; Total virtual pins                 ; 0                                           ;
; Total memory bits                  ; 0                                           ;
; Embedded Multiplier 9-bit elements ; 0                                           ;
; Total PLLs                         ; 0                                           ;
+------------------------------------+---------------------------------------------+


+-----------------------------------------+
; Flow Settings                           ;
+-------------------+---------------------+
; Option            ; Setting             ;
+-------------------+---------------------+
; Start date & time ; 11/29/2023 17:14:16 ;
; Main task         ; Compilation         ;
; Revision Name     ; Mux_demux           ;
+-------------------+---------------------+


+----------------------------------------------------------------------------------------------------------------------------------------------------+
; Flow Non-Default Global Settings                                                                                                                   ;
+-------------------------------------+----------------------------------------+---------------+-----------------+-----------------------------------+
; Assignment Name                     ; Value                                  ; Default Value ; Entity Name     ; Section Id                        ;
+-------------------------------------+----------------------------------------+---------------+-----------------+-----------------------------------+
; COMPILER_SIGNATURE_ID               ; 10995770589192.170128885607552         ; --            ; --              ; --                                ;
; EDA_GENERATE_FUNCTIONAL_NETLIST     ; Off                                    ; --            ; --              ; eda_board_design_timing           ;
; EDA_GENERATE_FUNCTIONAL_NETLIST     ; Off                                    ; --            ; --              ; eda_board_design_boundary_scan    ;
; EDA_GENERATE_FUNCTIONAL_NETLIST     ; Off                                    ; --            ; --              ; eda_board_design_signal_integrity ;
; EDA_GENERATE_FUNCTIONAL_NETLIST     ; Off                                    ; --            ; --              ; eda_board_design_symbol           ;
; EDA_OUTPUT_DATA_FORMAT              ; Verilog Hdl                            ; --            ; --              ; eda_simulation                    ;
; EDA_SIMULATION_TOOL                 ; ModelSim-Altera (Verilog)              ; <None>        ; --              ; --                                ;
; EDA_TIME_SCALE                      ; 1 ps                                   ; --            ; --              ; eda_simulation                    ;
; PARTITION_COLOR                     ; -- (Not supported for targeted family) ; --            ; Comparador_1bit ; Top                               ;
; PARTITION_FITTER_PRESERVATION_LEVEL ; -- (Not supported for targeted family) ; --            ; Comparador_1bit ; Top                               ;
; PARTITION_NETLIST_TYPE              ; -- (Not supported for targeted family) ; --            ; Comparador_1bit ; Top                               ;
; PROJECT_OUTPUT_DIRECTORY            ; output_files                           ; --            ; --              ; --                                ;
; TOP_LEVEL_ENTITY                    ; Comparador_1bit                        ; Mux_demux     ; --              ; --                                ;
+-------------------------------------+----------------------------------------+---------------+-----------------+-----------------------------------+


+--------------------------------------------------------------------------------------------------------------------------+
; Flow Elapsed Time                                                                                                        ;
+----------------------+--------------+-------------------------+---------------------+------------------------------------+
; Module Name          ; Elapsed Time ; Average Processors Used ; Peak Virtual Memory ; Total CPU Time (on all processors) ;
+----------------------+--------------+-------------------------+---------------------+------------------------------------+
; Analysis & Synthesis ; 00:00:09     ; 1.0                     ; 4772 MB             ; 00:00:17                           ;
; EDA Netlist Writer   ; 00:00:03     ; 1.0                     ; 4639 MB             ; 00:00:00                           ;
; EDA Netlist Writer   ; 00:00:04     ; 1.0                     ; 4644 MB             ; 00:00:00                           ;
; EDA Netlist Writer   ; 00:00:03     ; 1.0                     ; 4640 MB             ; 00:00:00                           ;
; EDA Netlist Writer   ; 00:00:04     ; 1.0                     ; 4644 MB             ; 00:00:00                           ;
; EDA Netlist Writer   ; 00:00:03     ; 1.0                     ; 4640 MB             ; 00:00:00                           ;
; EDA Netlist Writer   ; 00:00:03     ; 1.0                     ; 4644 MB             ; 00:00:00                           ;
; Total                ; 00:00:29     ; --                      ; --                  ; 00:00:17                           ;
+----------------------+--------------+-------------------------+---------------------+------------------------------------+


+------------------------------------------------------------------------------------+
; Flow OS Summary                                                                    ;
+----------------------+------------------+------------+------------+----------------+
; Module Name          ; Machine Hostname ; OS Name    ; OS Version ; Processor type ;
+----------------------+------------------+------------+------------+----------------+
; Analysis & Synthesis ; HWC01            ; Windows 10 ; 10.0       ; x86_64         ;
; EDA Netlist Writer   ; HWC01            ; Windows 10 ; 10.0       ; x86_64         ;
; EDA Netlist Writer   ; HWC01            ; Windows 10 ; 10.0       ; x86_64         ;
; EDA Netlist Writer   ; HWC01            ; Windows 10 ; 10.0       ; x86_64         ;
; EDA Netlist Writer   ; HWC01            ; Windows 10 ; 10.0       ; x86_64         ;
; EDA Netlist Writer   ; HWC01            ; Windows 10 ; 10.0       ; x86_64         ;
; EDA Netlist Writer   ; HWC01            ; Windows 10 ; 10.0       ; x86_64         ;
+----------------------+------------------+------------+------------+----------------+


------------
; Flow Log ;
------------
quartus_map --read_settings_files=on --write_settings_files=off Mux_demux -c Mux_demux
quartus_eda --gen_testbench --tool=modelsim_oem --format=verilog --write_settings_files=off Mux_demux -c Mux_demux --vector_source=D:/Users/vlsm/Documents/quartus/Waveform6.vwf --testbench_file=D:/Users/vlsm/Documents/quartus/simulation/qsim/Waveform6.vwf.vt
quartus_eda --write_settings_files=off --simulation=on --functional=on --flatten_buses=off --tool=modelsim_oem --format=verilog --output_directory=D:/Users/vlsm/Documents/quartus/simulation/qsim/ Mux_demux -c Mux_demux
quartus_eda --gen_testbench --tool=modelsim_oem --format=verilog --write_settings_files=off Mux_demux -c Mux_demux --vector_source=D:/Users/vlsm/Documents/quartus/Waveform6.vwf --testbench_file=D:/Users/vlsm/Documents/quartus/simulation/qsim/Waveform6.vwf.vt
quartus_eda --write_settings_files=off --simulation=on --functional=on --flatten_buses=off --tool=modelsim_oem --format=verilog --output_directory=D:/Users/vlsm/Documents/quartus/simulation/qsim/ Mux_demux -c Mux_demux
quartus_eda --gen_testbench --tool=modelsim_oem --format=verilog --write_settings_files=off Mux_demux -c Mux_demux --vector_source=D:/Users/vlsm/Documents/quartus/Waveform6.vwf --testbench_file=D:/Users/vlsm/Documents/quartus/simulation/qsim/Waveform6.vwf.vt
quartus_eda --write_settings_files=off --simulation=on --functional=on --flatten_buses=off --tool=modelsim_oem --format=verilog --output_directory=D:/Users/vlsm/Documents/quartus/simulation/qsim/ Mux_demux -c Mux_demux



